Arguments: 
{'AGQ_GPTQ': False,
 'EBSS_calib': False,
 'a_asym': False,
 'a_bits': 16,
 'a_clip_ratio': 1.0,
 'a_dynamic_method': 'pertensor',
 'a_groupsize': -1,
 'act_order': False,
 'bsz': 1,
 'cal_dataset': 'wikitext2',
 'calib_path': './EBSS.json',
 'capture_layer_io': False,
 'distribute': False,
 'do_smooth': False,
 'eval_dataset': 'wikitext2',
 'fp32_had': True,
 'fully_quant': False,
 'hf_token': None,
 'human_res': 'res_moe',
 'int8_down_proj': False,
 'k_asym': False,
 'k_bits': 16,
 'k_clip_ratio': 1.0,
 'k_groupsize': -1,
 'k_pre_rope': False,
 'layer_idx': 10,
 'lm_eval': False,
 'lm_eval_batch_size': 32,
 'load_qmodel_path': '/dataset/common/quant_model/moequant_mixtral_base_w2_onlymoeq_new.pth',
 'model': '/dataset/common/pretrain_model/Mixtral-8x7B-v0.1',
 'nsamples': 128,
 'online_hadamard': False,
 'percdamp': 0.01,
 'pre_eval': False,
 'quant_test': True,
 'rotate': True,
 'rotate_mode': 'hadamard',
 'rotation_seed': -1,
 'save_name': '20260115_223358',
 'save_path': './log',
 'save_qmodel_path': None,
 'seed': 0,
 'shared_expert_act_calib': False,
 'static_test': False,
 'tasks': ['piqa',
           'hellaswag',
           'arc_easy',
           'arc_challenge',
           'winogrande',
           'lambada'],
 'v_asym': False,
 'v_bits': 16,
 'v_clip_ratio': 1.0,
 'v_groupsize': -1,
 'w_asym': False,
 'w_bits': 2,
 'w_clip': False,
 'w_groupsize': -1,
 'w_rtn': False,
 'wandb': False,
 'wandb_id': None,
 'wandb_project': None}
------------------------------------------------------------
GPU memory (from rotate_model): 93.75 -> 88.94 GB (-4.81 GB)
GPU memory (from main): 90.51 -> 88.71 GB (-1.80 GB)
WARNING: Using the latest cached version of the dataset since cais/mmlu couldn't be found on the Hugging Face Hub
WARNING: Found the latest cached dataset configuration 'business_ethics' at /export/home2/zihan/.cache/huggingface/datasets/cais___mmlu/business_ethics/0.0.0/c30699e8356da336a370243923dbaf21066bb9fe (last modified on Thu Jan 15 16:14:38 2026).
WARNING: Using the latest cached version of the dataset since cais/mmlu couldn't be found on the Hugging Face Hub
WARNING: Found the latest cached dataset configuration 'college_computer_science' at /export/home2/zihan/.cache/huggingface/datasets/cais___mmlu/college_computer_science/0.0.0/c30699e8356da336a370243923dbaf21066bb9fe (last modified on Thu Jan 15 16:14:56 2026).
